<?xml version="1.0" encoding="UTF-8"?>
<testsuite name="models.SquadTest" tests="10" skipped="0" failures="0" errors="0" timestamp="2020-07-05T14:05:24" hostname="gideon-HP-EliteBook-Folio-9480m" time="0.005">
  <properties/>
  <testcase name="addsHeroesToList_true" classname="models.SquadTest" time="0.002"/>
  <testcase name="squadInstantiatesWithId" classname="models.SquadTest" time="0.0"/>
  <testcase name="clear_EmptiesAllSquadsFromList_0" classname="models.SquadTest" time="0.0"/>
  <testcase name="all_returnsAllInstancesOfSquad" classname="models.SquadTest" time="0.0"/>
  <testcase name="creates_instanceOfSquad" classname="models.SquadTest" time="0.0"/>
  <testcase name="saves_maxSize_5" classname="models.SquadTest" time="0.0"/>
  <testcase name="findSquadById" classname="models.SquadTest" time="0.0"/>
  <testcase name="saves_squadName_squad1" classname="models.SquadTest" time="0.0"/>
  <testcase name="savesCause" classname="models.SquadTest" time="0.0"/>
  <testcase name="getSquad_initiallyReturnsEmptyList_ArrayList" classname="models.SquadTest" time="0.0"/>
  <system-out><![CDATA[]]></system-out>
  <system-err><![CDATA[]]></system-err>
</testsuite>
