<?xml version="1.0" encoding="UTF-8"?>
<testsuite name="models.HeroTest" tests="7" skipped="0" failures="0" errors="0" timestamp="2020-07-05T12:23:00" hostname="gideon-HP-EliteBook-Folio-9480m" time="0.009">
  <properties/>
  <testcase name="savesAge" classname="models.HeroTest" time="0.004"/>
  <testcase name="saveWeakness" classname="models.HeroTest" time="0.001"/>
  <testcase name="all_ReturnsAll_InstancesOfHero" classname="models.HeroTest" time="0.0"/>
  <testcase name="savesName" classname="models.HeroTest" time="0.0"/>
  <testcase name="clear_EmptiesAllCategoriesFromList_0" classname="models.HeroTest" time="0.0"/>
  <testcase name="savesSpecialPower" classname="models.HeroTest" time="0.0"/>
  <testcase name="createsInstanceOfHero" classname="models.HeroTest" time="0.0"/>
  <system-out><![CDATA[]]></system-out>
  <system-err><![CDATA[]]></system-err>
</testsuite>
