<?xml version="1.0" encoding="UTF-8"?>
<testsuite name="models.HeroTest" tests="3" skipped="0" failures="0" errors="0" timestamp="2020-07-05T11:10:42" hostname="gideon-HP-EliteBook-Folio-9480m" time="0.005">
  <properties/>
  <testcase name="savesAge" classname="models.HeroTest" time="0.002"/>
  <testcase name="savesName" classname="models.HeroTest" time="0.0"/>
  <testcase name="createsInstanceOfHero" classname="models.HeroTest" time="0.0"/>
  <system-out><![CDATA[]]></system-out>
  <system-err><![CDATA[]]></system-err>
</testsuite>
